# JRE version: Java(TM) SE Runtime Environment (17.0.9+11) (build 17.0.9+11-LTS-201)
# Java VM: Java HotSpot(TM) 64-Bit Server VM (17.0.9+11-LTS-201, mixed mode, sharing, tiered, compressed oops, compressed class ptrs, g1 gc, windows-amd64)
GC Precious Log:
 CPUs: 12 total, 12 available
 Memory: 7876M
 Large Page Support: Disabled
 NUMA Support: Disabled
 Compressed Oops: Enabled (32-bit)
 Heap Region Size: 1M
 Heap Min Capacity: 8M
 Heap Initial Capacity: 124M
 Heap Max Capacity: 1970M
 Pre-touch: Disabled
 Parallel Workers: 10
 Concurrent Workers: 3
 Concurrent Refinement Workers: 10
 Periodic GC: Disabled
Heap:
 garbage-first heap   total 226304K, used 110065K [0x0000000084e00000, 0x0000000100000000)
  region size 1024K, 46 young (47104K), 1 survivors (1024K)
 Metaspace       used 84602K, committed 85248K, reserved 1179648K
  class space    used 11513K, committed 11840K, reserved 1048576K
GC Heap History (20 events):
Event: 29.841 GC heap before
{Heap before GC invocations=27 (full 0):
 garbage-first heap   total 87040K, used 64910K [0x0000000084e00000, 0x0000000100000000)
  region size 1024K, 20 young (20480K), 3 survivors (3072K)
 Metaspace       used 69365K, committed 69952K, reserved 1114112K
  class space    used 9317K, committed 9600K, reserved 1048576K
}
Event: 29.845 GC heap after
{Heap after GC invocations=28 (full 0):
 garbage-first heap   total 87040K, used 48762K [0x0000000084e00000, 0x0000000100000000)
  region size 1024K, 3 young (3072K), 3 survivors (3072K)
 Metaspace       used 69365K, committed 69952K, reserved 1114112K
  class space    used 9317K, committed 9600K, reserved 1048576K
}
Event: 30.366 GC heap before
{Heap before GC invocations=28 (full 0):
 garbage-first heap   total 87040K, used 68218K [0x0000000084e00000, 0x0000000100000000)
  region size 1024K, 23 young (23552K), 3 survivors (3072K)
 Metaspace       used 72304K, committed 72832K, reserved 1114112K
  class space    used 9786K, committed 10048K, reserved 1048576K
}
Event: 30.370 GC heap after
{Heap after GC invocations=29 (full 0):
 garbage-first heap   total 104448K, used 50536K [0x0000000084e00000, 0x0000000100000000)
  region size 1024K, 3 young (3072K), 3 survivors (3072K)
 Metaspace       used 72304K, committed 72832K, reserved 1114112K
  class space    used 9786K, committed 10048K, reserved 1048576K
}
Event: 30.839 GC heap before
{Heap before GC invocations=30 (full 0):
 garbage-first heap   total 104448K, used 82280K [0x0000000084e00000, 0x0000000100000000)
  region size 1024K, 35 young (35840K), 3 survivors (3072K)
 Metaspace       used 75171K, committed 75776K, reserved 1179648K
  class space    used 10307K, committed 10560K, reserved 1048576K
}
Event: 30.843 GC heap after
{Heap after GC invocations=31 (full 0):
 garbage-first heap   total 104448K, used 52758K [0x0000000084e00000, 0x0000000100000000)
  region size 1024K, 4 young (4096K), 4 survivors (4096K)
 Metaspace       used 75171K, committed 75776K, reserved 1179648K
  class space    used 10307K, committed 10560K, reserved 1048576K
}
Event: 30.850 GC heap before
{Heap before GC invocations=31 (full 0):
 garbage-first heap   total 104448K, used 53782K [0x0000000084e00000, 0x0000000100000000)
  region size 1024K, 5 young (5120K), 4 survivors (4096K)
 Metaspace       used 75188K, committed 75776K, reserved 1179648K
  class space    used 10308K, committed 10560K, reserved 1048576K
}
Event: 30.853 GC heap after
{Heap after GC invocations=32 (full 0):
 garbage-first heap   total 104448K, used 52734K [0x0000000084e00000, 0x0000000100000000)
  region size 1024K, 1 young (1024K), 1 survivors (1024K)
 Metaspace       used 75188K, committed 75776K, reserved 1179648K
  class space    used 10308K, committed 10560K, reserved 1048576K
}
Event: 30.982 GC heap before
{Heap before GC invocations=32 (full 0):
 garbage-first heap   total 104448K, used 84478K [0x0000000084e00000, 0x0000000100000000)
  region size 1024K, 32 young (32768K), 1 survivors (1024K)
 Metaspace       used 75278K, committed 75840K, reserved 1179648K
  class space    used 10316K, committed 10560K, reserved 1048576K
}
Event: 30.986 GC heap after
{Heap after GC invocations=33 (full 0):
 garbage-first heap   total 104448K, used 56851K [0x0000000084e00000, 0x0000000100000000)
  region size 1024K, 4 young (4096K), 4 survivors (4096K)
 Metaspace       used 75278K, committed 75840K, reserved 1179648K
  class space    used 10316K, committed 10560K, reserved 1048576K
}
Event: 31.104 GC heap before
{Heap before GC invocations=34 (full 0):
 garbage-first heap   total 106496K, used 83475K [0x0000000084e00000, 0x0000000100000000)
  region size 1024K, 30 young (30720K), 4 survivors (4096K)
 Metaspace       used 75339K, committed 75968K, reserved 1179648K
  class space    used 10334K, committed 10624K, reserved 1048576K
}
Event: 31.110 GC heap after
{Heap after GC invocations=35 (full 0):
 garbage-first heap   total 106496K, used 61827K [0x0000000084e00000, 0x0000000100000000)
  region size 1024K, 4 young (4096K), 4 survivors (4096K)
 Metaspace       used 75339K, committed 75968K, reserved 1179648K
  class space    used 10334K, committed 10624K, reserved 1048576K
}
Event: 31.144 GC heap before
{Heap before GC invocations=35 (full 0):
 garbage-first heap   total 106496K, used 62851K [0x0000000084e00000, 0x0000000100000000)
  region size 1024K, 5 young (5120K), 4 survivors (4096K)
 Metaspace       used 75546K, committed 76160K, reserved 1179648K
  class space    used 10350K, committed 10624K, reserved 1048576K
}
Event: 31.151 GC heap after
{Heap after GC invocations=36 (full 0):
 garbage-first heap   total 106496K, used 62680K [0x0000000084e00000, 0x0000000100000000)
  region size 1024K, 1 young (1024K), 1 survivors (1024K)
 Metaspace       used 75546K, committed 76160K, reserved 1179648K
  class space    used 10350K, committed 10624K, reserved 1048576K
}
Event: 31.757 GC heap before
{Heap before GC invocations=36 (full 0):
 garbage-first heap   total 106496K, used 84184K [0x0000000084e00000, 0x0000000100000000)
  region size 1024K, 22 young (22528K), 1 survivors (1024K)
 Metaspace       used 78735K, committed 79296K, reserved 1179648K
  class space    used 10762K, committed 11008K, reserved 1048576K
}
Event: 31.761 GC heap after
{Heap after GC invocations=37 (full 0):
 garbage-first heap   total 226304K, used 63773K [0x0000000084e00000, 0x0000000100000000)
  region size 1024K, 2 young (2048K), 2 survivors (2048K)
 Metaspace       used 78735K, committed 79296K, reserved 1179648K
  class space    used 10762K, committed 11008K, reserved 1048576K
}
Event: 32.514 GC heap before
{Heap before GC invocations=38 (full 0):
 garbage-first heap   total 226304K, used 155933K [0x0000000084e00000, 0x0000000100000000)
  region size 1024K, 93 young (95232K), 2 survivors (2048K)
 Metaspace       used 80877K, committed 81408K, reserved 1179648K
  class space    used 10987K, committed 11264K, reserved 1048576K
}
Event: 32.522 GC heap after
{Heap after GC invocations=39 (full 0):
 garbage-first heap   total 226304K, used 66273K [0x0000000084e00000, 0x0000000100000000)
  region size 1024K, 6 young (6144K), 6 survivors (6144K)
 Metaspace       used 80877K, committed 81408K, reserved 1179648K
  class space    used 10987K, committed 11264K, reserved 1048576K
}
Event: 32.681 GC heap before
{Heap before GC invocations=39 (full 0):
 garbage-first heap   total 226304K, used 71393K [0x0000000084e00000, 0x0000000100000000)
  region size 1024K, 11 young (11264K), 6 survivors (6144K)
 Metaspace       used 81598K, committed 82176K, reserved 1179648K
  class space    used 11102K, committed 11328K, reserved 1048576K
}
Event: 32.685 GC heap after
{Heap after GC invocations=40 (full 0):
 garbage-first heap   total 226304K, used 65009K [0x0000000084e00000, 0x0000000100000000)
  region size 1024K, 1 young (1024K), 1 survivors (1024K)
 Metaspace       used 81598K, committed 82176K, reserved 1179648K
  class space    used 11102K, committed 11328K, reserved 1048576K
}

