# JRE version: Java(TM) SE Runtime Environment (17.0.9+11) (build 17.0.9+11-LTS-201)
# Java VM: Java HotSpot(TM) 64-Bit Server VM (17.0.9+11-LTS-201, mixed mode, sharing, tiered, compressed oops, compressed class ptrs, g1 gc, windows-amd64)
GC Precious Log:
 CPUs: 12 total, 12 available
 Memory: 7876M
 Large Page Support: Disabled
 NUMA Support: Disabled
 Compressed Oops: Enabled (32-bit)
 Heap Region Size: 1M
 Heap Min Capacity: 8M
 Heap Initial Capacity: 124M
 Heap Max Capacity: 1970M
 Pre-touch: Disabled
 Parallel Workers: 10
 Concurrent Workers: 3
 Concurrent Refinement Workers: 10
 Periodic GC: Disabled
Heap:
 garbage-first heap   total 126976K, used 62316K [0x0000000084e00000, 0x0000000100000000)
  region size 1024K, 4 young (4096K), 4 survivors (4096K)
 Metaspace       used 76571K, committed 77248K, reserved 1179648K
  class space    used 10492K, committed 10816K, reserved 1048576K
GC Heap History (20 events):
Event: 15.631 GC heap after
{Heap after GC invocations=17 (full 0):
 garbage-first heap   total 86016K, used 43118K [0x0000000084e00000, 0x0000000100000000)
  region size 1024K, 5 young (5120K), 5 survivors (5120K)
 Metaspace       used 63917K, committed 64512K, reserved 1114112K
  class space    used 8551K, committed 8832K, reserved 1048576K
}
Event: 21.243 GC heap before
{Heap before GC invocations=17 (full 0):
 garbage-first heap   total 86016K, used 64622K [0x0000000084e00000, 0x0000000100000000)
  region size 1024K, 26 young (26624K), 5 survivors (5120K)
 Metaspace       used 66149K, committed 66752K, reserved 1114112K
  class space    used 8789K, committed 9088K, reserved 1048576K
}
Event: 21.253 GC heap after
{Heap after GC invocations=18 (full 0):
 garbage-first heap   total 86016K, used 45513K [0x0000000084e00000, 0x0000000100000000)
  region size 1024K, 3 young (3072K), 3 survivors (3072K)
 Metaspace       used 66149K, committed 66752K, reserved 1114112K
  class space    used 8789K, committed 9088K, reserved 1048576K
}
Event: 21.693 GC heap before
{Heap before GC invocations=19 (full 0):
 garbage-first heap   total 86016K, used 64969K [0x0000000084e00000, 0x0000000100000000)
  region size 1024K, 22 young (22528K), 3 survivors (3072K)
 Metaspace       used 67762K, committed 68352K, reserved 1114112K
  class space    used 9113K, committed 9408K, reserved 1048576K
}
Event: 21.700 GC heap after
{Heap after GC invocations=20 (full 0):
 garbage-first heap   total 86016K, used 47498K [0x0000000084e00000, 0x0000000100000000)
  region size 1024K, 2 young (2048K), 2 survivors (2048K)
 Metaspace       used 67762K, committed 68352K, reserved 1114112K
  class space    used 9113K, committed 9408K, reserved 1048576K
}
Event: 21.747 GC heap before
{Heap before GC invocations=20 (full 0):
 garbage-first heap   total 86016K, used 49546K [0x0000000084e00000, 0x0000000100000000)
  region size 1024K, 4 young (4096K), 2 survivors (2048K)
 Metaspace       used 67953K, committed 68480K, reserved 1114112K
  class space    used 9146K, committed 9408K, reserved 1048576K
}
Event: 21.750 GC heap after
{Heap after GC invocations=21 (full 0):
 garbage-first heap   total 86016K, used 47922K [0x0000000084e00000, 0x0000000100000000)
  region size 1024K, 1 young (1024K), 1 survivors (1024K)
 Metaspace       used 67953K, committed 68480K, reserved 1114112K
  class space    used 9146K, committed 9408K, reserved 1048576K
}
Event: 22.031 GC heap before
{Heap before GC invocations=21 (full 0):
 garbage-first heap   total 86016K, used 67378K [0x0000000084e00000, 0x0000000100000000)
  region size 1024K, 20 young (20480K), 1 survivors (1024K)
 Metaspace       used 69310K, committed 69824K, reserved 1114112K
  class space    used 9321K, committed 9600K, reserved 1048576K
}
Event: 22.035 GC heap after
{Heap after GC invocations=22 (full 0):
 garbage-first heap   total 104448K, used 49066K [0x0000000084e00000, 0x0000000100000000)
  region size 1024K, 2 young (2048K), 2 survivors (2048K)
 Metaspace       used 69310K, committed 69824K, reserved 1114112K
  class space    used 9321K, committed 9600K, reserved 1048576K
}
Event: 22.697 GC heap before
{Heap before GC invocations=23 (full 0):
 garbage-first heap   total 104448K, used 80810K [0x0000000084e00000, 0x0000000100000000)
  region size 1024K, 34 young (34816K), 2 survivors (2048K)
 Metaspace       used 73499K, committed 74048K, reserved 1114112K
  class space    used 10110K, committed 10368K, reserved 1048576K
}
Event: 22.703 GC heap after
{Heap after GC invocations=24 (full 0):
 garbage-first heap   total 104448K, used 51899K [0x0000000084e00000, 0x0000000100000000)
  region size 1024K, 5 young (5120K), 5 survivors (5120K)
 Metaspace       used 73499K, committed 74048K, reserved 1114112K
  class space    used 10110K, committed 10368K, reserved 1048576K
}
Event: 22.707 GC heap before
{Heap before GC invocations=24 (full 0):
 garbage-first heap   total 104448K, used 52923K [0x0000000084e00000, 0x0000000100000000)
  region size 1024K, 6 young (6144K), 5 survivors (5120K)
 Metaspace       used 73502K, committed 74048K, reserved 1114112K
  class space    used 10110K, committed 10368K, reserved 1048576K
}
Event: 22.713 GC heap after
{Heap after GC invocations=25 (full 0):
 garbage-first heap   total 104448K, used 51850K [0x0000000084e00000, 0x0000000100000000)
  region size 1024K, 1 young (1024K), 1 survivors (1024K)
 Metaspace       used 73502K, committed 74048K, reserved 1114112K
  class space    used 10110K, committed 10368K, reserved 1048576K
}
Event: 23.028 GC heap before
{Heap before GC invocations=25 (full 0):
 garbage-first heap   total 104448K, used 81546K [0x0000000084e00000, 0x0000000100000000)
  region size 1024K, 31 young (31744K), 1 survivors (1024K)
 Metaspace       used 75176K, committed 75776K, reserved 1179648K
  class space    used 10322K, committed 10624K, reserved 1048576K
}
Event: 23.034 GC heap after
{Heap after GC invocations=26 (full 0):
 garbage-first heap   total 104448K, used 53666K [0x0000000084e00000, 0x0000000100000000)
  region size 1024K, 3 young (3072K), 3 survivors (3072K)
 Metaspace       used 75176K, committed 75776K, reserved 1179648K
  class space    used 10322K, committed 10624K, reserved 1048576K
}
Event: 23.162 GC heap before
{Heap before GC invocations=27 (full 0):
 garbage-first heap   total 107520K, used 83362K [0x0000000084e00000, 0x0000000100000000)
  region size 1024K, 32 young (32768K), 3 survivors (3072K)
 Metaspace       used 75209K, committed 75776K, reserved 1179648K
  class space    used 10322K, committed 10624K, reserved 1048576K
}
Event: 23.168 GC heap after
{Heap after GC invocations=28 (full 0):
 garbage-first heap   total 107520K, used 59261K [0x0000000084e00000, 0x0000000100000000)
  region size 1024K, 4 young (4096K), 4 survivors (4096K)
 Metaspace       used 75209K, committed 75776K, reserved 1179648K
  class space    used 10322K, committed 10624K, reserved 1048576K
}
Event: 23.174 GC heap before
{Heap before GC invocations=28 (full 0):
 garbage-first heap   total 107520K, used 60285K [0x0000000084e00000, 0x0000000100000000)
  region size 1024K, 5 young (5120K), 4 survivors (4096K)
 Metaspace       used 75209K, committed 75776K, reserved 1179648K
  class space    used 10322K, committed 10624K, reserved 1048576K
}
Event: 23.180 GC heap after
{Heap after GC invocations=29 (full 0):
 garbage-first heap   total 107520K, used 59848K [0x0000000084e00000, 0x0000000100000000)
  region size 1024K, 1 young (1024K), 1 survivors (1024K)
 Metaspace       used 75209K, committed 75776K, reserved 1179648K
  class space    used 10322K, committed 10624K, reserved 1048576K
}
Event: 23.496 GC heap before
{Heap before GC invocations=29 (full 0):
 garbage-first heap   total 107520K, used 84424K [0x0000000084e00000, 0x0000000100000000)
  region size 1024K, 25 young (25600K), 1 survivors (1024K)
 Metaspace       used 76571K, committed 77248K, reserved 1179648K
  class space    used 10492K, committed 10816K, reserved 1048576K
}

