# JRE version: Java(TM) SE Runtime Environment (17.0.9+11) (build 17.0.9+11-LTS-201)
# Java VM: Java HotSpot(TM) 64-Bit Server VM (17.0.9+11-LTS-201, mixed mode, sharing, tiered, compressed oops, compressed class ptrs, g1 gc, windows-amd64)
GC Precious Log:
 CPUs: 12 total, 12 available
 Memory: 7876M
 Large Page Support: Disabled
 NUMA Support: Disabled
 Compressed Oops: Enabled (32-bit)
 Heap Region Size: 1M
 Heap Min Capacity: 8M
 Heap Initial Capacity: 124M
 Heap Max Capacity: 1970M
 Pre-touch: Disabled
 Parallel Workers: 10
 Concurrent Workers: 3
 Concurrent Refinement Workers: 10
 Periodic GC: Disabled
Heap:
 garbage-first heap   total 65536K, used 33600K [0x0000000084e00000, 0x0000000100000000)
  region size 1024K, 8 young (8192K), 1 survivors (1024K)
 Metaspace       used 37238K, committed 37696K, reserved 1114112K
  class space    used 4756K, committed 4992K, reserved 1048576K
GC Heap History (18 events):
Event: 1.826 GC heap before
{Heap before GC invocations=0 (full 0):
 garbage-first heap   total 126976K, used 24576K [0x0000000084e00000, 0x0000000100000000)
  region size 1024K, 23 young (23552K), 0 survivors (0K)
 Metaspace       used 4831K, committed 4992K, reserved 1114112K
  class space    used 532K, committed 576K, reserved 1048576K
}
Event: 1.838 GC heap after
{Heap after GC invocations=1 (full 0):
 garbage-first heap   total 126976K, used 9874K [0x0000000084e00000, 0x0000000100000000)
  region size 1024K, 3 young (3072K), 3 survivors (3072K)
 Metaspace       used 4831K, committed 4992K, reserved 1114112K
  class space    used 532K, committed 576K, reserved 1048576K
}
Event: 2.795 GC heap before
{Heap before GC invocations=1 (full 0):
 garbage-first heap   total 126976K, used 34450K [0x0000000084e00000, 0x0000000100000000)
  region size 1024K, 27 young (27648K), 3 survivors (3072K)
 Metaspace       used 8878K, committed 9152K, reserved 1114112K
  class space    used 1106K, committed 1216K, reserved 1048576K
}
Event: 2.802 GC heap after
{Heap after GC invocations=2 (full 0):
 garbage-first heap   total 126976K, used 11586K [0x0000000084e00000, 0x0000000100000000)
  region size 1024K, 2 young (2048K), 2 survivors (2048K)
 Metaspace       used 8878K, committed 9152K, reserved 1114112K
  class space    used 1106K, committed 1216K, reserved 1048576K
}
Event: 4.639 GC heap before
{Heap before GC invocations=2 (full 0):
 garbage-first heap   total 126976K, used 65858K [0x0000000084e00000, 0x0000000100000000)
  region size 1024K, 56 young (57344K), 2 survivors (2048K)
 Metaspace       used 19225K, committed 19520K, reserved 1114112K
  class space    used 2319K, committed 2496K, reserved 1048576K
}
Event: 4.650 GC heap after
{Heap after GC invocations=3 (full 0):
 garbage-first heap   total 126976K, used 16904K [0x0000000084e00000, 0x0000000100000000)
  region size 1024K, 7 young (7168K), 7 survivors (7168K)
 Metaspace       used 19225K, committed 19520K, reserved 1114112K
  class space    used 2319K, committed 2496K, reserved 1048576K
}
Event: 5.585 GC heap before
{Heap before GC invocations=3 (full 0):
 garbage-first heap   total 126976K, used 43528K [0x0000000084e00000, 0x0000000100000000)
  region size 1024K, 34 young (34816K), 7 survivors (7168K)
 Metaspace       used 21255K, committed 21504K, reserved 1114112K
  class space    used 2543K, committed 2688K, reserved 1048576K
}
Event: 5.597 GC heap after
{Heap after GC invocations=4 (full 0):
 garbage-first heap   total 126976K, used 18302K [0x0000000084e00000, 0x0000000100000000)
  region size 1024K, 2 young (2048K), 2 survivors (2048K)
 Metaspace       used 21255K, committed 21504K, reserved 1114112K
  class space    used 2543K, committed 2688K, reserved 1048576K
}
Event: 6.984 GC heap before
{Heap before GC invocations=5 (full 0):
 garbage-first heap   total 65536K, used 54142K [0x0000000084e00000, 0x0000000100000000)
  region size 1024K, 38 young (38912K), 2 survivors (2048K)
 Metaspace       used 26320K, committed 26624K, reserved 1114112K
  class space    used 3301K, committed 3456K, reserved 1048576K
}
Event: 6.989 GC heap after
{Heap after GC invocations=6 (full 0):
 garbage-first heap   total 65536K, used 20528K [0x0000000084e00000, 0x0000000100000000)
  region size 1024K, 5 young (5120K), 5 survivors (5120K)
 Metaspace       used 26320K, committed 26624K, reserved 1114112K
  class space    used 3301K, committed 3456K, reserved 1048576K
}
Event: 8.041 GC heap before
{Heap before GC invocations=6 (full 0):
 garbage-first heap   total 65536K, used 44080K [0x0000000084e00000, 0x0000000100000000)
  region size 1024K, 29 young (29696K), 5 survivors (5120K)
 Metaspace       used 29528K, committed 29952K, reserved 1114112K
  class space    used 3778K, committed 3968K, reserved 1048576K
}
Event: 8.049 GC heap after
{Heap after GC invocations=7 (full 0):
 garbage-first heap   total 65536K, used 22635K [0x0000000084e00000, 0x0000000100000000)
  region size 1024K, 3 young (3072K), 3 survivors (3072K)
 Metaspace       used 29528K, committed 29952K, reserved 1114112K
  class space    used 3778K, committed 3968K, reserved 1048576K
}
Event: 9.055 GC heap before
{Heap before GC invocations=7 (full 0):
 garbage-first heap   total 65536K, used 48235K [0x0000000084e00000, 0x0000000100000000)
  region size 1024K, 26 young (26624K), 3 survivors (3072K)
 Metaspace       used 32660K, committed 33088K, reserved 1114112K
  class space    used 4182K, committed 4416K, reserved 1048576K
}
Event: 9.063 GC heap after
{Heap after GC invocations=8 (full 0):
 garbage-first heap   total 65536K, used 25758K [0x0000000084e00000, 0x0000000100000000)
  region size 1024K, 3 young (3072K), 3 survivors (3072K)
 Metaspace       used 32660K, committed 33088K, reserved 1114112K
  class space    used 4182K, committed 4416K, reserved 1048576K
}
Event: 9.522 GC heap before
{Heap before GC invocations=8 (full 0):
 garbage-first heap   total 65536K, used 52382K [0x0000000084e00000, 0x0000000100000000)
  region size 1024K, 24 young (24576K), 3 survivors (3072K)
 Metaspace       used 34516K, committed 35008K, reserved 1114112K
  class space    used 4366K, committed 4608K, reserved 1048576K
}
Event: 9.527 GC heap after
{Heap after GC invocations=9 (full 0):
 garbage-first heap   total 65536K, used 27617K [0x0000000084e00000, 0x0000000100000000)
  region size 1024K, 3 young (3072K), 3 survivors (3072K)
 Metaspace       used 34516K, committed 35008K, reserved 1114112K
  class space    used 4366K, committed 4608K, reserved 1048576K
}
Event: 9.972 GC heap before
{Heap before GC invocations=9 (full 0):
 garbage-first heap   total 65536K, used 42977K [0x0000000084e00000, 0x0000000100000000)
  region size 1024K, 18 young (18432K), 3 survivors (3072K)
 Metaspace       used 35535K, committed 35968K, reserved 1114112K
  class space    used 4534K, committed 4736K, reserved 1048576K
}
Event: 9.976 GC heap after
{Heap after GC invocations=10 (full 0):
 garbage-first heap   total 65536K, used 28480K [0x0000000084e00000, 0x0000000100000000)
  region size 1024K, 1 young (1024K), 1 survivors (1024K)
 Metaspace       used 35535K, committed 35968K, reserved 1114112K
  class space    used 4534K, committed 4736K, reserved 1048576K
}

